
> app@0.1.0 build C:\Users\xzh\work\next\apps\app
> next build

warn  - Invalid next.config.js options detected: 
warn  -     The value at .experimental has an unexpected property, transpilePackages, which is not in the list of allowed properties (adjustFontFallbacks, adjustFontFallbacksWithSizeAdjust, allowedRevalidateHeaderKeys, amp, clientRouterFilter, clientRouterFilterRedirects, cpus, craCompat, disableOptimizedLoading, disablePostcssPresetEnv, esmExternals, appDir, extensionAlias, externalDir, externalMiddlewareRewritesResolve, fallbackNodePolyfills, fetchCacheKeyPrefix, forceSwcTransforms, fullySpecified, gzipSize, incrementalCacheHandlerPath, isrFlushToDisk, isrMemoryCacheSize, largePageDataBytes, legacyBrowsers, manualClientBasePath, middlewarePrefetch, newNextLinkBehavior, nextScriptWorkers, optimizeCss, optimisticClientCache, outputFileTracingRoot, outputFileTracingExcludes, outputFileTracingIgnores, outputFileTracingIncludes, pageEnv, preCompiledNextServer, proxyTimeout, runtime, serverComponentsExternalPackages, scrollRestoration, sharedPool, sri, swcFileReading, swcMinify, swcPlugins, swcTraceProfiling, urlImports, enableUndici, workerThreads, fontLoaders, webVitalsAttribution, mdxRs, typedRoutes, webpackBuildWorker, turbo, instrumentationHook, turbotrace).
warn  - See more info here: https://nextjs.org/docs/messages/invalid-next-config
warn  - You have enabled experimental feature (transpilePackages) in next.config.js.
warn  - Experimental features are not covered by semver, and may cause unexpected or broken application behavior. Use at your own risk.

warn  - `transpilePackages` has been moved out of `experimental`. Please update your next.config.js file accordingly.
info  - Linting and checking validity of types...
info  - Creating an optimized production build...
info  - Compiled successfully
info  - Collecting page data...
info  - Generating static pages (0/3)
info  - Generating static pages (3/3)
info  - Finalizing page optimization...

Route (pages)                              Size     First Load JS
┌ ○ / (507 ms)                             90.4 kB         164 kB
├   └ css/299b4710ca2a9192.css             1.87 kB
├   /_app                                  0 B            73.5 kB
├ ○ /404                                   182 B          73.7 kB
└ λ /api/hello                             0 B            73.5 kB
+ First Load JS shared by all              74.2 kB
  ├ chunks/framework-ae9e6851793cb45a.js   45.2 kB
  ├ chunks/main-c8913b846a10b053.js        27 kB
  ├ chunks/pages/_app-8a11ee2b31229abb.js  298 B
  ├ chunks/webpack-87b3a303122f2f0d.js     995 B
  └ css/876d048b5dab7c28.css               706 B

λ  (Server)  server-side renders at runtime (uses getInitialProps or getServerSideProps)
○  (Static)  automatically rendered as static HTML (uses no initial props)

